[13:24:55] [ServerMain/INFO]: Environment: Environment[sessionHost=https://sessionserver.mojang.com, servicesHost=https://api.minecraftservices.com, profilesHost=https://api.mojang.com, name=PROD]
[13:24:58] [ServerMain/INFO]: Loaded 1461 recipes
[13:24:58] [ServerMain/INFO]: Loaded 1574 advancements
[13:24:59] [Server thread/INFO]: Starting minecraft server version 1.21.10
[13:24:59] [Server thread/INFO]: Loading properties
[13:24:59] [Server thread/INFO]: Default game type: SURVIVAL
[13:24:59] [Server thread/INFO]: Generating keypair
[13:24:59] [Server thread/INFO]: Starting Minecraft server on *:25565
[13:24:59] [Server thread/INFO]: Using default channel type
[13:24:59] [Server thread/WARN]: **** SERVER IS RUNNING IN OFFLINE/INSECURE MODE!
[13:24:59] [Server thread/WARN]: The server will make no attempt to authenticate usernames. Beware.
[13:24:59] [Server thread/WARN]: While this makes the game possible to play without internet access, it also opens up the ability for hackers to connect with any username they choose.
[13:24:59] [Server thread/WARN]: To change this, set "online-mode" to "true" in the server.properties file.
[13:24:59] [Server thread/INFO]: Preparing level "world"
[13:25:00] [Server thread/INFO]: Loading 0 persistent chunks...
[13:25:00] [Server thread/INFO]: Preparing spawn area: 100%
[13:25:00] [Server thread/INFO]: Time elapsed: 37 ms
[13:25:00] [Server thread/INFO]: Done (0.668s)! For help, type "help"
[13:26:00] [Server thread/INFO]: Server empty for 60 seconds, pausing
[13:26:23] [Server thread/INFO]: momo70950[/127.0.0.1:60428] logged in with entity id 132 at (-3752.838261084288, 138.0, 3384.981660102876)
[13:26:23] [Server thread/INFO]: momo70950 joined the game
[13:26:25] [Server thread/WARN]: Can't keep up! Is the server overloaded? Running 2049ms or 40 ticks behind
[13:26:43] [Server thread/INFO]: momo70950 lost connection: Disconnected
[13:26:43] [Server thread/INFO]: momo70950 left the game
[13:26:43] [Server thread/WARN]: Can't keep up! Is the server overloaded? Running 3851ms or 77 ticks behind
[13:26:53] [Server thread/INFO]: Stopping server
[13:26:53] [Server thread/INFO]: Saving players
[13:26:53] [Server thread/INFO]: Saving worlds
[13:26:53] [Server thread/INFO]: Saving chunks for level 'ServerLevel[world]'/minecraft:overworld
[13:26:53] [Server thread/INFO]: Saving chunks for level 'ServerLevel[world]'/minecraft:the_end
[13:26:53] [Server thread/INFO]: Saving chunks for level 'ServerLevel[world]'/minecraft:the_nether
[13:26:53] [Server thread/INFO]: ThreadedAnvilChunkStorage (world): All chunks are saved
[13:26:53] [Server thread/INFO]: ThreadedAnvilChunkStorage (DIM1): All chunks are saved
[13:26:53] [Server thread/INFO]: ThreadedAnvilChunkStorage (DIM-1): All chunks are saved
[13:26:53] [Server thread/INFO]: ThreadedAnvilChunkStorage: All dimensions are saved
